<?xml version="1.0" encoding="UTF-8"?>
<!-- Generated by org.testng.reporters.JUnitXMLReporter -->
<testsuite hostname="BNWINBGDELLL034" ignored="2" name="chromeTest" tests="1" failures="0" timestamp="25 Jun 2019 12:17:02 GMT" time="7675.274" errors="0">
  <testcase name="orderPlacementEU" time="7670.838" classname="com.pc.functionalities.TestCase"/>
  <testcase name="orderPlacementEUPaypal" time="0.0" classname="com.pc.functionalities.TestCase">
    <ignored/>
  </testcase> <!-- orderPlacementEUPaypal -->
  <testcase name="orderPlacementUS" time="0.0" classname="com.pc.functionalities.TestCase">
    <ignored/>
  </testcase> <!-- orderPlacementUS -->
</testsuite> <!-- chromeTest -->
